--- Startup times for process: Primary (or UI client) ---

times in msec
 clock   self+sourced   self:  sourced script
 clock   elapsed:              other lines

000.002  000.002: --- NVIM STARTING ---
000.309  000.308: event init
000.528  000.219: early init
000.655  000.126: locale set
000.765  000.111: init first window
001.914  001.149: inits 1
001.943  000.029: window checked
001.954  000.011: parsing arguments
003.710  000.168  000.168: require('vim._core.shared')
004.014  000.013  000.013: require('string.buffer')
004.123  000.189  000.177: require('vim.inspect')
004.307  000.153  000.153: require('vim._core.options')
004.315  000.593  000.250: require('vim._core.editor')
004.473  000.153  000.153: require('vim._core.system')
004.478  001.009  000.096: require('vim._init_packages')
004.484  001.520: init lua interpreter
008.056  003.572: nvim_ui_attach
009.299  001.244: nvim_set_client_info
009.306  000.007: --- NVIM STARTED ---

--- Startup times for process: Embedded ---

times in msec
 clock   self+sourced   self:  sourced script
 clock   elapsed:              other lines

000.001  000.001: --- NVIM STARTING ---
000.369  000.368: event init
000.591  000.221: early init
000.717  000.127: locale set
000.844  000.126: init first window
001.897  001.054: inits 1
001.945  000.047: window checked
001.953  000.008: parsing arguments
003.762  000.176  000.176: require('vim._core.shared')
004.049  000.013  000.013: require('string.buffer')
004.183  000.214  000.201: require('vim.inspect')
004.365  000.150  000.150: require('vim._core.options')
004.373  000.596  000.232: require('vim._core.editor')
004.510  000.133  000.133: require('vim._core.system')
004.515  001.020  000.115: require('vim._init_packages')
004.526  001.553: init lua interpreter
004.684  000.158: expanding arguments
004.745  000.061: inits 2
005.712  000.967: init highlight
005.718  000.006: waiting for UI
006.134  000.417: done waiting for UI
006.162  000.028: clear screen
006.644  000.047  000.047: require('vim.keymap')
009.627  000.485  000.485: sourcing nvim_exec2()
009.756  000.039  000.039: require('vim._core.log')
014.466  008.295  007.724: require('vim._core.defaults')
014.480  000.023: init default mappings & autocommands
016.083  000.195  000.195: sourcing /usr/share/nvim/runtime/ftplugin.vim
016.405  000.134  000.134: sourcing /usr/share/nvim/runtime/indent.vim
016.707  000.170  000.170: sourcing /usr/share/nvim/archlinux.lua
016.721  000.234  000.064: sourcing /etc/xdg/nvim/sysinit.vim
018.235  000.225  000.225: require('core.pack')
018.377  000.106  000.106: require('vim.fs')
018.588  000.076  000.076: require('plugins.autopairs')
042.583  000.774  000.774: require('vim._async')
042.652  024.052  023.278: require('vim.pack')
042.909  000.020  000.020: require('vim.F')
047.948  000.234  000.234: require('nvim-autopairs._log')
048.849  000.884  000.884: require('nvim-autopairs.utils')
048.927  002.274  001.156: require('nvim-autopairs.conds')
048.975  002.932  000.657: require('nvim-autopairs.rule')
048.991  003.343  000.411: require('nvim-autopairs.rules.basic')
049.159  005.243  001.900: require('nvim-autopairs')
051.217  000.283  000.283: require('plugins.blink')
055.149  000.168  000.168: require('blink.lib.lazy_require')
055.218  000.486  000.318: require('blink.lib')
056.179  000.877  000.877: require('blink.lib.log')
056.836  001.610  000.734: require('blink.cmp.logger')
059.502  002.266  002.266: require('blink.lib.config')
059.860  000.347  000.347: require('blink.cmp.config.keymap')
060.127  000.084  000.084: require('blink.cmp.config.completion.keyword')
060.246  000.111  000.111: require('blink.cmp.config.completion.trigger')
060.328  000.076  000.076: require('blink.cmp.config.completion.list')
060.455  000.122  000.122: require('blink.cmp.config.completion.accept')
060.775  000.314  000.314: require('blink.cmp.config.completion.menu')
060.945  000.164  000.164: require('blink.cmp.config.completion.documentation')
061.032  000.081  000.081: require('blink.cmp.config.completion.ghost_text')
061.038  001.093  000.141: require('blink.cmp.config.completion')
061.265  000.224  000.224: require('blink.cmp.config.fuzzy')
061.484  000.211  000.211: require('blink.cmp.config.sources')
061.638  000.148  000.148: require('blink.cmp.config.signature')
061.948  000.304  000.304: require('blink.cmp.config.snippets')
062.127  000.171  000.171: require('blink.cmp.config.appearance')
065.033  008.181  003.416: require('blink.cmp.config')
065.663  000.353  000.353: require('blink.lib.native')
066.041  000.372  000.372: require('blink.lib.task')
066.055  001.014  000.289: require('blink.lib.native.managed')
066.235  013.212  001.921: require('blink.cmp')
067.071  000.089  000.089: require('blink.lib._.tbl')
067.151  000.074  000.074: require('blink.lib._.tbl.copy')
069.083  000.302  000.302: require('blink.lib.nvim')
069.556  000.246  000.246: require('blink.cmp.fuzzy.lua.match')
069.646  000.084  000.084: require('blink.cmp.fuzzy.lua.match_indices')
069.901  000.127  000.127: require('blink.cmp.fuzzy.lua.char')
069.913  000.263  000.136: require('blink.cmp.fuzzy.lua.keyword')
069.931  000.830  000.237: require('blink.cmp.fuzzy.lua')
069.937  001.445  000.312: require('blink.cmp.fuzzy')
070.408  000.468  000.468: require('blink.cmp.fuzzy.rust')
070.585  000.171  000.171: require('blink.cmp.highlights')
070.678  000.058  000.058: require('blink.cmp.types')
071.635  000.254  000.254: require('blink.cmp.keymap.utils')
071.641  000.409  000.155: require('blink.cmp.keymap.fallback')
071.648  000.591  000.182: require('blink.cmp.keymap.apply')
071.779  000.129  000.129: require('blink.cmp.keymap.presets')
071.786  000.944  000.224: require('blink.cmp.keymap')
072.491  000.237  000.237: require('blink.cmp.completion')
073.374  000.254  000.254: require('blink.cmp.completion.trigger.context')
073.502  000.122  000.122: require('blink.cmp.lib.utils')
073.627  000.120  000.120: require('blink.cmp.lib.event_emitter')
073.640  001.144  000.648: require('blink.cmp.completion.trigger')
073.986  000.344  000.344: require('blink.cmp.lib.buffer_events')
074.493  000.464  000.464: require('blink.cmp.completion.list')
074.674  000.143  000.143: require('blink.cmp.lib.cmdline_events')
074.836  000.138  000.138: require('blink.cmp.lib.term_events')
075.608  000.748  000.748: require('blink.cmp.sources.lib')
076.629  000.100  000.100: require('blink.cmp.completion.windows.menu.auto_wrap')
077.584  000.090  000.090: require('blink.cmp.lib.window.utils')
077.612  000.976  000.886: require('blink.cmp.lib.window')
077.941  000.211  000.211: require('blink.cmp.lib.window.cursor_line')
078.061  000.107  000.107: require('blink.cmp.lib.window.scrollbar')
078.295  000.181  000.181: require('blink.cmp.lib.window.scrollbar.win')
078.471  000.142  000.142: require('blink.lib.timer')
078.541  002.748  001.032: require('blink.cmp.completion.windows.menu')
078.637  000.075  000.075: require('blink.cmp.signature')
078.984  000.345  000.345: require('blink.cmp.signature.trigger')
079.523  000.479  000.479: require('blink.cmp.signature.window')
079.579  000.032  000.032: require('plugins.buffline')
080.213  000.036  000.036: require('bufferline.lazy')
080.450  000.230  000.230: require('bufferline.commands')
080.885  000.430  000.430: require('bufferline.config')
080.891  000.988  000.292: require('bufferline')
081.571  000.232  000.232: require('bufferline.utils')
081.575  000.664  000.432: require('bufferline.groups')
081.637  000.047  000.047: require('bufferline.constants')
081.742  000.101  000.101: require('bufferline.colors')
082.044  000.176  000.176: require('bufferline.highlights')
083.578  000.716  000.716: require('vim.version')
085.006  002.234  001.518: require('bufferline.hover')
085.569  000.492  000.492: require('bufferline.ui')
085.664  000.027  000.027: require('plugins.diffview')
086.219  000.066  000.066: require('diffview.lazy')
086.805  000.018  000.018: require('ffi')
086.816  000.068  000.050: require('diffview.ffi')
086.938  000.121  000.121: require('diffview.oop')
086.960  000.490  000.301: require('diffview.async')
087.690  000.715  000.715: require('diffview.utils')
087.744  000.045  000.045: require('diffview.mock')
087.757  001.517  000.268: require('diffview.logger')
087.921  000.153  000.153: require('diffview.control')
088.072  000.138  000.138: require('diffview.events')
088.079  001.980  000.105: require('diffview.bootstrap')
088.490  000.410  000.410: require('diffview.hl')
090.481  000.579  000.579: require('diffview.actions')
090.640  001.277  000.698: require('diffview.config')
091.720  000.013  000.013: sourcing nvim_exec2() called at /home/silas/.config/nvim/init.lua:0
091.725  005.822  002.142: require('diffview')
092.692  000.031  000.031: require('plugins.gitsigns')
093.288  000.340  000.340: require('gitsigns')
093.911  000.290  000.290: require('gitsigns.util')
093.922  000.618  000.328: require('gitsigns.config')
094.627  000.215  000.215: require('gitsigns.debug.log')
094.976  001.027  000.812: require('gitsigns.highlight')
095.063  000.068  000.068: require('gitsigns.debounce')
095.108  000.028  000.028: require('plugins.mini-icons')
099.265  003.816  003.816: require('mini.icons')
099.557  000.037  000.037: require('plugins.ocamlvim')
100.208  000.040  000.040: require('ocaml.config')
100.278  000.068  000.068: require('ocaml.ui')
100.286  000.524  000.416: require('ocaml')
100.324  000.025  000.025: require('plugins.rustacean')
100.570  000.055  000.055: require('ui.dashboard')
100.583  000.011  000.011: require('ui.explorer')
100.584  000.090  000.025: require('plugins.snacks')
100.892  000.173  000.173: require('snacks')
100.944  000.019  000.019: require('plugins.telescope')
105.717  000.060  000.060: require('plenary')
105.917  000.040  000.040: require('telescope._extensions')
105.920  000.106  000.066: require('telescope')
107.333  000.132  000.132: require('plenary.bit')
107.384  000.049  000.049: require('plenary.functional')
107.407  000.594  000.414: require('plenary.path')
107.428  000.727  000.132: require('plenary.strings')
107.842  000.157  000.157: require('plenary.log')
107.910  000.240  000.083: require('telescope.log')
108.566  000.030  000.030: require('plenary.compat')
108.572  000.302  000.272: require('plenary.job')
108.606  000.032  000.032: require('telescope.state')
108.638  000.727  000.392: require('telescope.utils')
108.646  001.216  000.250: require('telescope.sorters')
110.096  004.175  002.232: require('telescope.config')
110.938  000.022  000.022: require('plugins.undotree')
111.232  000.037  000.037: require('undotree')
111.293  000.058  000.058: require('undotree.config')
111.316  000.014  000.014: require('plugins.web-devicons')
111.850  000.118  000.118: require('nvim-web-devicons.filetypes')
112.599  000.699  000.699: require('nvim-web-devicons.default.icons_by_filename')
115.573  002.970  002.970: require('nvim-web-devicons.default.icons_by_file_extension')
116.559  000.951  000.951: require('nvim-web-devicons.default.icons_by_operating_system')
116.654  000.091  000.091: require('nvim-web-devicons.default.icons_by_desktop_environment')
116.773  000.116  000.116: require('nvim-web-devicons.default.icons_by_window_manager')
116.775  004.895  000.069: require('nvim-web-devicons.icons-default')
117.034  005.569  000.556: require('nvim-web-devicons')
119.520  102.666  021.913: require('plugins')
119.641  000.022  000.022: require('lsp.c_cxx')
121.107  000.678  000.678: require('vim.lsp.protocol')
121.130  000.874  000.196: require('vim.lsp.log')
122.128  000.008  000.008: require('vim._core.util')
122.142  001.008  001.001: require('vim.lsp.util')
122.489  000.152  000.152: require('vim.lsp.sync')
122.494  000.350  000.198: require('vim.lsp._changetracking')
122.870  000.113  000.113: require('vim.lsp._transport')
122.877  000.005  000.005: require('vim._core.stringbuffer')
122.909  000.413  000.295: require('vim.lsp.rpc')
122.959  003.311  000.666: require('vim.lsp')
123.181  000.219  000.219: require('vim.lsp.inlay_hint')
123.272  000.017  000.017: require('lsp.cmake')
123.411  000.030  000.030: require('lsp.lua')
123.500  000.020  000.020: require('lsp.ocaml')
123.599  000.016  000.016: require('lsp.toml')
123.657  000.014  000.014: require('lsp.zig')
123.698  004.173  000.524: require('lsp')
124.906  001.158  001.158: require('vim.diagnostic')
124.948  001.237  000.078: require('core.options')
125.226  000.169  000.169: require('telescope.builtin')
125.254  000.304  000.135: require('core.keybinds')
125.256  001.556  000.015: require('core')
125.274  000.017  000.017: require('ui')
125.289  000.013  000.013: require('themes')
126.144  000.747  000.747: sourcing /usr/share/nvim/runtime/colors/vim.lua
126.387  000.223  000.223: require('gitsigns.async')
127.303  000.140  000.140: require('diffview.lib')
128.750  111.941  002.406: sourcing /home/silas/.config/nvim/init.lua
128.757  001.772: sourcing vimrc file(s)
128.987  000.076  000.076: sourcing nvim_exec2() called at /usr/share/nvim/runtime/filetype.lua:0
128.990  000.162  000.086: sourcing /usr/share/nvim/runtime/filetype.lua
129.149  000.070  000.070: sourcing /usr/share/nvim/runtime/syntax/synload.vim
129.232  000.214  000.144: sourcing /usr/share/nvim/runtime/syntax/syntax.vim
129.379  000.015  000.015: sourcing /home/silas/.local/share/nvim/site/pack/core/opt/nvim-web-devicons/plugin/nvim-web-devicons.vim
129.455  000.040  000.040: sourcing /home/silas/.local/share/nvim/site/pack/core/opt/undotree/plugin/undotree.lua
129.674  000.182  000.182: sourcing /home/silas/.local/share/nvim/site/pack/core/opt/telescope.nvim/plugin/telescope.lua
129.736  000.016  000.016: sourcing /home/silas/.local/share/nvim/site/pack/core/opt/plenary.nvim/plugin/plenary.vim
129.781  000.009  000.009: sourcing /home/silas/.local/share/nvim/site/pack/core/opt/snacks.nvim/plugin/snacks.lua
129.860  000.032  000.032: sourcing /home/silas/.local/share/nvim/site/pack/core/opt/gitsigns.nvim/plugin/gitsigns.lua
129.947  000.054  000.054: sourcing /home/silas/.local/share/nvim/site/pack/core/opt/diffview.nvim/plugin/diffview.lua
130.051  000.063  000.063: sourcing /home/silas/.local/share/nvim/site/pack/core/opt/blink.cmp/plugin/blink-cmp.lua
130.323  000.116  000.116: sourcing /usr/share/nvim/runtime/plugin/gzip.vim
130.670  000.111  000.111: sourcing /usr/share/nvim/runtime/pack/dist/opt/matchit/plugin/matchit.vim
130.702  000.368  000.257: sourcing /usr/share/nvim/runtime/plugin/matchit.vim
130.796  000.084  000.084: sourcing /usr/share/nvim/runtime/plugin/matchparen.vim
131.168  000.145  000.145: sourcing /usr/share/nvim/runtime/pack/dist/opt/netrw/plugin/netrwPlugin.vim
131.198  000.390  000.245: sourcing /usr/share/nvim/runtime/plugin/netrwPlugin.vim
131.298  000.087  000.087: sourcing /usr/share/nvim/runtime/plugin/rplugin.vim
131.374  000.060  000.060: sourcing /usr/share/nvim/runtime/plugin/tarPlugin.vim
131.400  000.011  000.011: sourcing /usr/share/nvim/runtime/plugin/tutor.vim
131.503  000.091  000.091: sourcing /usr/share/nvim/runtime/plugin/zipPlugin.vim
131.551  000.031  000.031: sourcing /usr/share/nvim/runtime/plugin/editorconfig.lua
131.612  000.044  000.044: sourcing /usr/share/nvim/runtime/plugin/man.lua
131.717  000.091  000.091: sourcing /usr/share/nvim/runtime/plugin/net.lua
131.798  000.067  000.067: sourcing /usr/share/nvim/runtime/plugin/osc52.lua
131.891  000.078  000.078: sourcing /usr/share/nvim/runtime/plugin/shada.lua
131.932  000.024  000.024: sourcing /usr/share/nvim/runtime/plugin/spellfile.lua
131.945  000.859: loading rtp plugins
132.020  000.076: loading packages
132.022  000.001: loading after plugins
132.031  000.009: inits 3
133.152  001.121: reading ShaDa
133.307  000.155: opening buffers
133.446  000.077  000.077: require('bufferline.state')
133.564  000.105  000.105: require('snacks.explorer')
133.582  000.094: BufEnter autocommands
133.585  000.002: editing files in windows
133.610  000.025: VimEnter autocommands
134.777  000.323  000.323: require('snacks.util')
134.799  001.180  000.857: require('snacks.dashboard')
136.824  000.084  000.084: require('snacks.picker')
137.036  000.208  000.208: require('snacks.picker.config')
137.238  000.199  000.199: require('snacks.picker.config.highlights')
137.434  000.194  000.194: require('snacks.picker.config.defaults')
137.817  000.381  000.381: require('snacks.picker.config.sources')
137.906  000.087  000.087: require('snacks.picker.config.layouts')
140.290  000.225  000.225: require('vim.ui')
140.317  004.150: UIEnter autocommands
140.583  000.195  000.195: sourcing /usr/share/nvim/runtime/autoload/provider/clipboard.vim
140.589  000.077: before starting main loop
141.634  001.045: first screen update
141.636  000.002: --- NVIM STARTED ---

